10-Nov-2025 16:53:09.875 INFO [main] org.apache.catalina.core.ApplicationContext.log ContextListener: contextInitialized()
10-Nov-2025 16:53:09.875 INFO [main] org.apache.catalina.core.ApplicationContext.log SessionListener: contextInitialized()
10-Nov-2025 16:53:09.876 INFO [main] org.apache.catalina.core.ApplicationContext.log ContextListener: attributeAdded('StockTicker', 'async.Stockticker@4f9abc14')
10-Nov-2025 16:53:41.476 SEVERE [http-nio-8080-exec-2] org.apache.catalina.core.StandardWrapperValve.invoke Servlet.service() for servlet [jsp] in context with path [/webapp] threw exception
	com.sun.xml.ws.client.ClientTransportException: HTTP transport error: java.net.ConnectException: Connection refused: connect
		at com.sun.xml.ws.transport.http.client.HttpClientTransport.getOutput(HttpClientTransport.java:103)
		at com.sun.xml.ws.transport.http.client.HttpTransportPipe.process(HttpTransportPipe.java:209)
		at com.sun.xml.ws.transport.http.client.HttpTransportPipe.processRequest(HttpTransportPipe.java:131)
		at com.sun.xml.ws.transport.DeferredTransportPipe.processRequest(DeferredTransportPipe.java:82)
		at com.sun.xml.ws.api.pipe.Fiber.__doRun(Fiber.java:1106)
		at com.sun.xml.ws.api.pipe.Fiber._doRun(Fiber.java:1020)
		at com.sun.xml.ws.api.pipe.Fiber.doRun(Fiber.java:989)
		at com.sun.xml.ws.api.pipe.Fiber.runSync(Fiber.java:847)
		at com.sun.xml.ws.client.Stub.process(Stub.java:431)
		at com.sun.xml.ws.client.sei.SEIStub.doProcess(SEIStub.java:160)
		at com.sun.xml.ws.client.sei.SyncMethodHandler.invoke(SyncMethodHandler.java:78)
		at com.sun.xml.ws.client.sei.SyncMethodHandler.invoke(SyncMethodHandler.java:62)
		at com.sun.xml.ws.client.sei.SEIStub.invoke(SEIStub.java:132)
		at jdk.proxy4/jdk.proxy4.$Proxy55.registrarAcceso(Unknown Source)
		at filtros.RegistroAccesosFilter.doFilter(RegistroAccesosFilter.java:41)
		at org.apache.catalina.core.ApplicationFilterChain.internalDoFilter(ApplicationFilterChain.java:178)
		at org.apache.catalina.core.ApplicationFilterChain.doFilter(ApplicationFilterChain.java:153)
		at org.apache.catalina.core.StandardWrapperValve.invoke(StandardWrapperValve.java:168)
		at org.apache.catalina.core.StandardContextValve.invoke(StandardContextValve.java:90)
		at org.apache.catalina.authenticator.AuthenticatorBase.invoke(AuthenticatorBase.java:481)
		at org.apache.catalina.core.StandardHostValve.invoke(StandardHostValve.java:130)
		at org.apache.catalina.valves.ErrorReportValve.invoke(ErrorReportValve.java:93)
		at org.apache.catalina.valves.AbstractAccessLogValve.invoke(AbstractAccessLogValve.java:670)
		at org.apache.catalina.core.StandardEngineValve.invoke(StandardEngineValve.java:74)
		at org.apache.catalina.connector.CoyoteAdapter.service(CoyoteAdapter.java:343)
		at org.apache.coyote.http11.Http11Processor.service(Http11Processor.java:390)
		at org.apache.coyote.AbstractProcessorLight.process(AbstractProcessorLight.java:63)
		at org.apache.coyote.AbstractProtocol$ConnectionHandler.process(AbstractProtocol.java:926)
		at org.apache.tomcat.util.net.NioEndpoint$SocketProcessor.doRun(NioEndpoint.java:1790)
		at org.apache.tomcat.util.net.SocketProcessorBase.run(SocketProcessorBase.java:52)
		at org.apache.tomcat.util.threads.ThreadPoolExecutor.runWorker(ThreadPoolExecutor.java:1191)
		at org.apache.tomcat.util.threads.ThreadPoolExecutor$Worker.run(ThreadPoolExecutor.java:659)
		at org.apache.tomcat.util.threads.TaskThread$WrappingRunnable.run(TaskThread.java:61)
		at java.base/java.lang.Thread.run(Thread.java:1583)
	Caused by: java.net.ConnectException: Connection refused: connect
		at java.base/sun.nio.ch.Net.connect0(Native Method)
		at java.base/sun.nio.ch.Net.connect(Net.java:589)
		at java.base/sun.nio.ch.Net.connect(Net.java:578)
		at java.base/sun.nio.ch.NioSocketImpl.connect(NioSocketImpl.java:583)
		at java.base/java.net.Socket.connect(Socket.java:751)
		at java.base/java.net.Socket.connect(Socket.java:686)
		at java.base/sun.net.NetworkClient.doConnect(NetworkClient.java:183)
		at java.base/sun.net.www.http.HttpClient.openServer(HttpClient.java:531)
		at java.base/sun.net.www.http.HttpClient.openServer(HttpClient.java:636)
		at java.base/sun.net.www.http.HttpClient.<init>(HttpClient.java:280)
		at java.base/sun.net.www.http.HttpClient.New(HttpClient.java:386)
		at java.base/sun.net.www.http.HttpClient.New(HttpClient.java:408)
		at java.base/sun.net.www.protocol.http.HttpURLConnection.getNewHttpClient(HttpURLConnection.java:1319)
		at java.base/sun.net.www.protocol.http.HttpURLConnection.plainConnect0(HttpURLConnection.java:1297)
		at java.base/sun.net.www.protocol.http.HttpURLConnection.plainConnect(HttpURLConnection.java:1138)
		at java.base/sun.net.www.protocol.http.HttpURLConnection.connect(HttpURLConnection.java:1067)
		at java.base/sun.net.www.protocol.http.HttpURLConnection.getOutputStream0(HttpURLConnection.java:1461)
		at java.base/sun.net.www.protocol.http.HttpURLConnection.getOutputStream(HttpURLConnection.java:1432)
		at com.sun.xml.ws.transport.http.client.HttpClientTransport.getOutput(HttpClientTransport.java:90)
		... 33 more
