05-Nov-2025 00:10:58.939 INFO [http-nio-8080-exec-52] org.apache.catalina.core.ApplicationContext.log Manager: list: Listing contexts for virtual host 'localhost'
05-Nov-2025 00:10:58.943 INFO [http-nio-8080-exec-60] org.apache.catalina.core.ApplicationContext.log Manager: list: Listing contexts for virtual host 'localhost'
05-Nov-2025 00:10:59.182 INFO [http-nio-8080-exec-54] org.apache.catalina.core.ApplicationContext.log Manager: undeploy: Undeploying web application at '/webapp'
05-Nov-2025 00:10:59.911 INFO [http-nio-8080-exec-55] org.apache.catalina.core.ApplicationContext.log Manager: install: Installing context configuration at 'file:/C:/Users/Juanpi/AppData/Local/Temp/context14407041444480541299.xml'
05-Nov-2025 00:11:01.762 INFO [http-nio-8080-exec-59] org.apache.catalina.core.ApplicationContext.log Manager: start: Starting web application '/webapp'
05-Nov-2025 00:19:43.226 INFO [http-nio-8080-exec-66] org.apache.catalina.core.ApplicationContext.log Manager: list: Listing contexts for virtual host 'localhost'
05-Nov-2025 00:19:43.232 INFO [http-nio-8080-exec-67] org.apache.catalina.core.ApplicationContext.log Manager: undeploy: Undeploying web application at '/webapp'
05-Nov-2025 00:20:49.655 INFO [http-nio-8080-exec-64] org.apache.catalina.core.ApplicationContext.log Manager: list: Listing contexts for virtual host 'localhost'
05-Nov-2025 00:20:49.656 INFO [http-nio-8080-exec-69] org.apache.catalina.core.ApplicationContext.log Manager: list: Listing contexts for virtual host 'localhost'
05-Nov-2025 00:20:49.678 INFO [http-nio-8080-exec-61] org.apache.catalina.core.ApplicationContext.log Manager: install: Installing context configuration at 'file:/C:/Users/Juanpi/AppData/Local/Temp/context12368484449467933474.xml'
05-Nov-2025 00:20:51.424 INFO [http-nio-8080-exec-73] org.apache.catalina.core.ApplicationContext.log Manager: start: Starting web application '/webapp'
05-Nov-2025 00:22:43.081 INFO [http-nio-8080-exec-79] org.apache.catalina.core.ApplicationContext.log Manager: list: Listing contexts for virtual host 'localhost'
05-Nov-2025 00:22:43.081 INFO [http-nio-8080-exec-78] org.apache.catalina.core.ApplicationContext.log Manager: list: Listing contexts for virtual host 'localhost'
05-Nov-2025 00:22:43.094 INFO [http-nio-8080-exec-75] org.apache.catalina.core.ApplicationContext.log Manager: undeploy: Undeploying web application at '/webapp'
05-Nov-2025 00:22:43.660 INFO [http-nio-8080-exec-78] org.apache.catalina.core.ApplicationContext.log Manager: install: Installing context configuration at 'file:/C:/Users/Juanpi/AppData/Local/Temp/context12889290252819476946.xml'
05-Nov-2025 00:22:45.170 INFO [http-nio-8080-exec-73] org.apache.catalina.core.ApplicationContext.log Manager: start: Starting web application '/webapp'
05-Nov-2025 00:40:23.605 INFO [http-nio-8080-exec-83] org.apache.catalina.core.ApplicationContext.log Manager: list: Listing contexts for virtual host 'localhost'
05-Nov-2025 00:40:23.610 INFO [http-nio-8080-exec-84] org.apache.catalina.core.ApplicationContext.log Manager: undeploy: Undeploying web application at '/webapp'
05-Nov-2025 00:47:28.422 INFO [http-nio-8080-exec-85] org.apache.catalina.core.ApplicationContext.log Manager: list: Listing contexts for virtual host 'localhost'
05-Nov-2025 00:49:39.898 INFO [http-nio-8080-exec-97] org.apache.catalina.core.ApplicationContext.log Manager: list: Listing contexts for virtual host 'localhost'
05-Nov-2025 00:49:39.901 INFO [http-nio-8080-exec-98] org.apache.catalina.core.ApplicationContext.log Manager: list: Listing contexts for virtual host 'localhost'
05-Nov-2025 00:49:39.924 INFO [http-nio-8080-exec-100] org.apache.catalina.core.ApplicationContext.log Manager: install: Installing context configuration at 'file:/C:/Users/Juanpi/AppData/Local/Temp/context8502806024208630300.xml'
05-Nov-2025 00:49:41.584 INFO [http-nio-8080-exec-99] org.apache.catalina.core.ApplicationContext.log Manager: start: Starting web application '/webapp'
05-Nov-2025 00:50:13.208 INFO [http-nio-8080-exec-98] org.apache.catalina.core.ApplicationContext.log Manager: list: Listing contexts for virtual host 'localhost'
05-Nov-2025 00:50:13.210 INFO [http-nio-8080-exec-99] org.apache.catalina.core.ApplicationContext.log Manager: list: Listing contexts for virtual host 'localhost'
05-Nov-2025 00:50:13.216 INFO [http-nio-8080-exec-100] org.apache.catalina.core.ApplicationContext.log Manager: undeploy: Undeploying web application at '/webapp'
05-Nov-2025 00:50:14.012 INFO [http-nio-8080-exec-97] org.apache.catalina.core.ApplicationContext.log Manager: install: Installing context configuration at 'file:/C:/Users/Juanpi/AppData/Local/Temp/context16841338157654404338.xml'
05-Nov-2025 00:50:15.646 INFO [http-nio-8080-exec-93] org.apache.catalina.core.ApplicationContext.log Manager: start: Starting web application '/webapp'
05-Nov-2025 00:50:34.393 INFO [http-nio-8080-exec-101] org.apache.catalina.core.ApplicationContext.log Manager: list: Listing contexts for virtual host 'localhost'
05-Nov-2025 00:50:34.395 INFO [http-nio-8080-exec-107] org.apache.catalina.core.ApplicationContext.log Manager: list: Listing contexts for virtual host 'localhost'
05-Nov-2025 00:50:34.400 INFO [http-nio-8080-exec-102] org.apache.catalina.core.ApplicationContext.log Manager: undeploy: Undeploying web application at '/webapp'
05-Nov-2025 00:50:34.982 INFO [http-nio-8080-exec-106] org.apache.catalina.core.ApplicationContext.log Manager: install: Installing context configuration at 'file:/C:/Users/Juanpi/AppData/Local/Temp/context9134206604363004986.xml'
05-Nov-2025 00:50:36.596 INFO [http-nio-8080-exec-107] org.apache.catalina.core.ApplicationContext.log Manager: start: Starting web application '/webapp'
05-Nov-2025 13:43:20.563 INFO [http-nio-8080-exec-6] org.apache.catalina.core.ApplicationContext.log Manager: init: Associated with Deployer 'Catalina:type=Deployer,host=localhost'
05-Nov-2025 13:43:20.563 INFO [http-nio-8080-exec-6] org.apache.catalina.core.ApplicationContext.log Manager: init: Global resources are available
05-Nov-2025 13:43:20.632 INFO [http-nio-8080-exec-5] org.apache.catalina.core.ApplicationContext.log Manager: list: Listing contexts for virtual host 'localhost'
05-Nov-2025 13:43:20.637 INFO [http-nio-8080-exec-1] org.apache.catalina.core.ApplicationContext.log Manager: list: Listing contexts for virtual host 'localhost'
05-Nov-2025 13:43:20.647 INFO [http-nio-8080-exec-7] org.apache.catalina.core.ApplicationContext.log Manager: undeploy: Undeploying web application at '/webapp'
05-Nov-2025 13:43:21.267 INFO [http-nio-8080-exec-2] org.apache.catalina.core.ApplicationContext.log Manager: install: Installing context configuration at 'file:/C:/Users/Juanpi/AppData/Local/Temp/context16427652399688952460.xml'
05-Nov-2025 13:43:23.109 INFO [http-nio-8080-exec-1] org.apache.catalina.core.ApplicationContext.log Manager: start: Starting web application '/webapp'
05-Nov-2025 13:48:20.009 INFO [http-nio-8080-exec-15] org.apache.catalina.core.ApplicationContext.log Manager: list: Listing contexts for virtual host 'localhost'
05-Nov-2025 13:48:20.011 INFO [http-nio-8080-exec-20] org.apache.catalina.core.ApplicationContext.log Manager: list: Listing contexts for virtual host 'localhost'
05-Nov-2025 13:48:20.028 INFO [http-nio-8080-exec-19] org.apache.catalina.core.ApplicationContext.log Manager: undeploy: Undeploying web application at '/webapp'
05-Nov-2025 13:48:20.929 INFO [http-nio-8080-exec-20] org.apache.catalina.core.ApplicationContext.log Manager: install: Installing context configuration at 'file:/C:/Users/Juanpi/AppData/Local/Temp/context3235070892735962437.xml'
05-Nov-2025 13:48:22.878 INFO [http-nio-8080-exec-11] org.apache.catalina.core.ApplicationContext.log Manager: start: Starting web application '/webapp'
05-Nov-2025 13:50:54.025 INFO [http-nio-8080-exec-26] org.apache.catalina.core.ApplicationContext.log Manager: list: Listing contexts for virtual host 'localhost'
05-Nov-2025 13:50:54.027 INFO [http-nio-8080-exec-27] org.apache.catalina.core.ApplicationContext.log Manager: undeploy: Undeploying web application at '/webapp'
05-Nov-2025 13:52:40.205 INFO [http-nio-8080-exec-21] org.apache.catalina.core.ApplicationContext.log Manager: list: Listing contexts for virtual host 'localhost'
05-Nov-2025 13:52:40.208 INFO [http-nio-8080-exec-30] org.apache.catalina.core.ApplicationContext.log Manager: list: Listing contexts for virtual host 'localhost'
05-Nov-2025 13:54:44.411 INFO [http-nio-8080-exec-30] org.apache.catalina.core.ApplicationContext.log Manager: list: Listing contexts for virtual host 'localhost'
05-Nov-2025 14:00:08.022 INFO [http-nio-8080-exec-39] org.apache.catalina.core.ApplicationContext.log Manager: list: Listing contexts for virtual host 'localhost'
05-Nov-2025 14:02:30.157 INFO [http-nio-8080-exec-39] org.apache.catalina.core.ApplicationContext.log Manager: list: Listing contexts for virtual host 'localhost'
05-Nov-2025 14:05:10.203 INFO [http-nio-8080-exec-39] org.apache.catalina.core.ApplicationContext.log Manager: list: Listing contexts for virtual host 'localhost'
05-Nov-2025 14:06:10.951 INFO [http-nio-8080-exec-39] org.apache.catalina.core.ApplicationContext.log Manager: list: Listing contexts for virtual host 'localhost'
05-Nov-2025 14:08:08.762 INFO [http-nio-8080-exec-32] org.apache.catalina.core.ApplicationContext.log Manager: list: Listing contexts for virtual host 'localhost'
05-Nov-2025 14:08:27.555 INFO [http-nio-8080-exec-31] org.apache.catalina.core.ApplicationContext.log Manager: list: Listing contexts for virtual host 'localhost'
05-Nov-2025 14:11:11.715 INFO [http-nio-8080-exec-31] org.apache.catalina.core.ApplicationContext.log Manager: list: Listing contexts for virtual host 'localhost'
05-Nov-2025 14:13:30.336 INFO [http-nio-8080-exec-31] org.apache.catalina.core.ApplicationContext.log Manager: list: Listing contexts for virtual host 'localhost'
05-Nov-2025 14:13:57.586 INFO [http-nio-8080-exec-40] org.apache.catalina.core.ApplicationContext.log Manager: list: Listing contexts for virtual host 'localhost'
05-Nov-2025 14:13:57.587 INFO [http-nio-8080-exec-39] org.apache.catalina.core.ApplicationContext.log Manager: list: Listing contexts for virtual host 'localhost'
05-Nov-2025 14:13:57.620 INFO [http-nio-8080-exec-31] org.apache.catalina.core.ApplicationContext.log Manager: install: Installing context configuration at 'file:/C:/Users/Juanpi/AppData/Local/Temp/context16925275899556359559.xml'
05-Nov-2025 14:13:59.274 INFO [http-nio-8080-exec-32] org.apache.catalina.core.ApplicationContext.log Manager: start: Starting web application '/webapp'
05-Nov-2025 14:19:42.487 INFO [http-nio-8080-exec-36] org.apache.catalina.core.ApplicationContext.log Manager: list: Listing contexts for virtual host 'localhost'
05-Nov-2025 14:19:42.490 INFO [http-nio-8080-exec-37] org.apache.catalina.core.ApplicationContext.log Manager: list: Listing contexts for virtual host 'localhost'
05-Nov-2025 14:19:42.496 INFO [http-nio-8080-exec-40] org.apache.catalina.core.ApplicationContext.log Manager: undeploy: Undeploying web application at '/webapp'
05-Nov-2025 14:19:43.092 INFO [http-nio-8080-exec-35] org.apache.catalina.core.ApplicationContext.log Manager: install: Installing context configuration at 'file:/C:/Users/Juanpi/AppData/Local/Temp/context4368529297689653135.xml'
05-Nov-2025 14:19:44.851 INFO [http-nio-8080-exec-34] org.apache.catalina.core.ApplicationContext.log Manager: start: Starting web application '/webapp'
05-Nov-2025 14:23:38.558 INFO [http-nio-8080-exec-47] org.apache.catalina.core.ApplicationContext.log Manager: list: Listing contexts for virtual host 'localhost'
05-Nov-2025 14:23:38.561 INFO [http-nio-8080-exec-48] org.apache.catalina.core.ApplicationContext.log Manager: list: Listing contexts for virtual host 'localhost'
05-Nov-2025 14:23:38.569 INFO [http-nio-8080-exec-49] org.apache.catalina.core.ApplicationContext.log Manager: undeploy: Undeploying web application at '/webapp'
05-Nov-2025 14:23:39.143 INFO [http-nio-8080-exec-45] org.apache.catalina.core.ApplicationContext.log Manager: install: Installing context configuration at 'file:/C:/Users/Juanpi/AppData/Local/Temp/context9163349441351852455.xml'
05-Nov-2025 14:23:41.044 INFO [http-nio-8080-exec-44] org.apache.catalina.core.ApplicationContext.log Manager: start: Starting web application '/webapp'
05-Nov-2025 14:34:20.342 INFO [http-nio-8080-exec-53] org.apache.catalina.core.ApplicationContext.log Manager: list: Listing contexts for virtual host 'localhost'
05-Nov-2025 14:34:20.347 INFO [http-nio-8080-exec-60] org.apache.catalina.core.ApplicationContext.log Manager: undeploy: Undeploying web application at '/webapp'
05-Nov-2025 14:34:34.932 INFO [http-nio-8080-exec-55] org.apache.catalina.core.ApplicationContext.log Manager: list: Listing contexts for virtual host 'localhost'
05-Nov-2025 14:34:57.684 INFO [http-nio-8080-exec-55] org.apache.catalina.core.ApplicationContext.log Manager: list: Listing contexts for virtual host 'localhost'
05-Nov-2025 14:35:29.392 INFO [http-nio-8080-exec-55] org.apache.catalina.core.ApplicationContext.log Manager: list: Listing contexts for virtual host 'localhost'
05-Nov-2025 14:36:54.738 INFO [http-nio-8080-exec-57] org.apache.catalina.core.ApplicationContext.log Manager: list: Listing contexts for virtual host 'localhost'
05-Nov-2025 14:38:38.266 INFO [http-nio-8080-exec-68] org.apache.catalina.core.ApplicationContext.log Manager: list: Listing contexts for virtual host 'localhost'
05-Nov-2025 14:39:01.562 INFO [http-nio-8080-exec-69] org.apache.catalina.core.ApplicationContext.log Manager: list: Listing contexts for virtual host 'localhost'
05-Nov-2025 14:39:01.563 INFO [http-nio-8080-exec-68] org.apache.catalina.core.ApplicationContext.log Manager: list: Listing contexts for virtual host 'localhost'
05-Nov-2025 14:39:01.595 INFO [http-nio-8080-exec-70] org.apache.catalina.core.ApplicationContext.log Manager: install: Installing context configuration at 'file:/C:/Users/Juanpi/AppData/Local/Temp/context10349851704131511830.xml'
05-Nov-2025 14:39:03.247 INFO [http-nio-8080-exec-62] org.apache.catalina.core.ApplicationContext.log Manager: start: Starting web application '/webapp'
05-Nov-2025 14:50:25.544 INFO [http-nio-8080-exec-67] org.apache.catalina.core.ApplicationContext.log Manager: list: Listing contexts for virtual host 'localhost'
05-Nov-2025 14:50:25.547 INFO [http-nio-8080-exec-65] org.apache.catalina.core.ApplicationContext.log Manager: list: Listing contexts for virtual host 'localhost'
05-Nov-2025 14:50:25.556 INFO [http-nio-8080-exec-69] org.apache.catalina.core.ApplicationContext.log Manager: undeploy: Undeploying web application at '/webapp'
05-Nov-2025 14:50:26.159 INFO [http-nio-8080-exec-66] org.apache.catalina.core.ApplicationContext.log Manager: install: Installing context configuration at 'file:/C:/Users/Juanpi/AppData/Local/Temp/context5244690898576732166.xml'
05-Nov-2025 14:50:27.963 INFO [http-nio-8080-exec-64] org.apache.catalina.core.ApplicationContext.log Manager: start: Starting web application '/webapp'
05-Nov-2025 14:57:03.319 INFO [http-nio-8080-exec-80] org.apache.catalina.core.ApplicationContext.log Manager: list: Listing contexts for virtual host 'localhost'
05-Nov-2025 14:57:03.321 INFO [http-nio-8080-exec-71] org.apache.catalina.core.ApplicationContext.log Manager: list: Listing contexts for virtual host 'localhost'
05-Nov-2025 14:57:03.328 INFO [http-nio-8080-exec-73] org.apache.catalina.core.ApplicationContext.log Manager: undeploy: Undeploying web application at '/webapp'
05-Nov-2025 14:57:03.881 INFO [http-nio-8080-exec-71] org.apache.catalina.core.ApplicationContext.log Manager: install: Installing context configuration at 'file:/C:/Users/Juanpi/AppData/Local/Temp/context5297622274417409496.xml'
05-Nov-2025 14:57:05.805 INFO [http-nio-8080-exec-72] org.apache.catalina.core.ApplicationContext.log Manager: start: Starting web application '/webapp'
05-Nov-2025 14:58:11.159 INFO [http-nio-8080-exec-82] org.apache.catalina.core.ApplicationContext.log Manager: list: Listing contexts for virtual host 'localhost'
05-Nov-2025 14:58:11.162 INFO [http-nio-8080-exec-87] org.apache.catalina.core.ApplicationContext.log Manager: list: Listing contexts for virtual host 'localhost'
05-Nov-2025 14:58:11.168 INFO [http-nio-8080-exec-74] org.apache.catalina.core.ApplicationContext.log Manager: undeploy: Undeploying web application at '/webapp'
05-Nov-2025 14:58:11.730 INFO [http-nio-8080-exec-83] org.apache.catalina.core.ApplicationContext.log Manager: install: Installing context configuration at 'file:/C:/Users/Juanpi/AppData/Local/Temp/context4268621247637376137.xml'
05-Nov-2025 14:58:13.399 INFO [http-nio-8080-exec-75] org.apache.catalina.core.ApplicationContext.log Manager: start: Starting web application '/webapp'
05-Nov-2025 15:03:51.225 INFO [http-nio-8080-exec-94] org.apache.catalina.core.ApplicationContext.log Manager: list: Listing contexts for virtual host 'localhost'
05-Nov-2025 15:03:51.227 INFO [http-nio-8080-exec-95] org.apache.catalina.core.ApplicationContext.log Manager: list: Listing contexts for virtual host 'localhost'
05-Nov-2025 15:03:51.232 INFO [http-nio-8080-exec-96] org.apache.catalina.core.ApplicationContext.log Manager: undeploy: Undeploying web application at '/webapp'
05-Nov-2025 15:03:51.793 INFO [http-nio-8080-exec-92] org.apache.catalina.core.ApplicationContext.log Manager: install: Installing context configuration at 'file:/C:/Users/Juanpi/AppData/Local/Temp/context672071662563815530.xml'
05-Nov-2025 15:03:53.519 INFO [http-nio-8080-exec-90] org.apache.catalina.core.ApplicationContext.log Manager: start: Starting web application '/webapp'
05-Nov-2025 15:09:37.622 INFO [http-nio-8080-exec-105] org.apache.catalina.core.ApplicationContext.log Manager: list: Listing contexts for virtual host 'localhost'
05-Nov-2025 15:09:37.624 INFO [http-nio-8080-exec-106] org.apache.catalina.core.ApplicationContext.log Manager: list: Listing contexts for virtual host 'localhost'
05-Nov-2025 15:09:37.630 INFO [http-nio-8080-exec-107] org.apache.catalina.core.ApplicationContext.log Manager: undeploy: Undeploying web application at '/webapp'
05-Nov-2025 15:09:39.023 INFO [http-nio-8080-exec-108] org.apache.catalina.core.ApplicationContext.log Manager: install: Installing context configuration at 'file:/C:/Users/Juanpi/AppData/Local/Temp/context13814874946161009166.xml'
05-Nov-2025 15:09:40.734 INFO [http-nio-8080-exec-102] org.apache.catalina.core.ApplicationContext.log Manager: start: Starting web application '/webapp'
05-Nov-2025 16:16:38.825 INFO [http-nio-8080-exec-114] org.apache.catalina.core.ApplicationContext.log Manager: list: Listing contexts for virtual host 'localhost'
05-Nov-2025 16:16:38.826 INFO [http-nio-8080-exec-109] org.apache.catalina.core.ApplicationContext.log Manager: list: Listing contexts for virtual host 'localhost'
05-Nov-2025 16:16:38.843 INFO [http-nio-8080-exec-110] org.apache.catalina.core.ApplicationContext.log Manager: undeploy: Undeploying web application at '/webapp'
05-Nov-2025 16:16:39.443 INFO [http-nio-8080-exec-115] org.apache.catalina.core.ApplicationContext.log Manager: install: Installing context configuration at 'file:/C:/Users/Juanpi/AppData/Local/Temp/context11306873118910746500.xml'
05-Nov-2025 16:16:41.131 INFO [http-nio-8080-exec-116] org.apache.catalina.core.ApplicationContext.log Manager: start: Starting web application '/webapp'
05-Nov-2025 21:20:26.123 INFO [http-nio-8080-exec-125] org.apache.catalina.core.ApplicationContext.log Manager: list: Listing contexts for virtual host 'localhost'
05-Nov-2025 21:20:26.123 INFO [http-nio-8080-exec-126] org.apache.catalina.core.ApplicationContext.log Manager: list: Listing contexts for virtual host 'localhost'
05-Nov-2025 21:20:26.132 INFO [http-nio-8080-exec-127] org.apache.catalina.core.ApplicationContext.log Manager: undeploy: Undeploying web application at '/webapp'
05-Nov-2025 21:20:27.273 INFO [http-nio-8080-exec-128] org.apache.catalina.core.ApplicationContext.log Manager: install: Installing context configuration at 'file:/C:/Users/Juanpi/AppData/Local/Temp/context13856892968813853859.xml'
05-Nov-2025 21:20:29.105 INFO [http-nio-8080-exec-125] org.apache.catalina.core.ApplicationContext.log Manager: start: Starting web application '/webapp'
05-Nov-2025 21:36:55.856 INFO [http-nio-8080-exec-132] org.apache.catalina.core.ApplicationContext.log Manager: list: Listing contexts for virtual host 'localhost'
05-Nov-2025 21:36:55.858 INFO [http-nio-8080-exec-129] org.apache.catalina.core.ApplicationContext.log Manager: list: Listing contexts for virtual host 'localhost'
05-Nov-2025 21:36:55.865 INFO [http-nio-8080-exec-130] org.apache.catalina.core.ApplicationContext.log Manager: undeploy: Undeploying web application at '/webapp'
05-Nov-2025 21:36:56.662 INFO [http-nio-8080-exec-138] org.apache.catalina.core.ApplicationContext.log Manager: install: Installing context configuration at 'file:/C:/Users/Juanpi/AppData/Local/Temp/context7934895804366681958.xml'
05-Nov-2025 21:36:58.543 INFO [http-nio-8080-exec-135] org.apache.catalina.core.ApplicationContext.log Manager: start: Starting web application '/webapp'
05-Nov-2025 21:40:21.693 INFO [http-nio-8080-exec-141] org.apache.catalina.core.ApplicationContext.log Manager: list: Listing contexts for virtual host 'localhost'
05-Nov-2025 21:40:21.694 INFO [http-nio-8080-exec-142] org.apache.catalina.core.ApplicationContext.log Manager: list: Listing contexts for virtual host 'localhost'
05-Nov-2025 21:40:21.699 INFO [http-nio-8080-exec-147] org.apache.catalina.core.ApplicationContext.log Manager: undeploy: Undeploying web application at '/webapp'
05-Nov-2025 21:40:22.291 INFO [http-nio-8080-exec-139] org.apache.catalina.core.ApplicationContext.log Manager: install: Installing context configuration at 'file:/C:/Users/Juanpi/AppData/Local/Temp/context3323854814737627416.xml'
05-Nov-2025 21:40:24.184 INFO [http-nio-8080-exec-144] org.apache.catalina.core.ApplicationContext.log Manager: start: Starting web application '/webapp'
05-Nov-2025 21:45:41.231 INFO [http-nio-8080-exec-150] org.apache.catalina.core.ApplicationContext.log Manager: list: Listing contexts for virtual host 'localhost'
05-Nov-2025 21:45:41.234 INFO [http-nio-8080-exec-156] org.apache.catalina.core.ApplicationContext.log Manager: list: Listing contexts for virtual host 'localhost'
05-Nov-2025 21:45:41.241 INFO [http-nio-8080-exec-157] org.apache.catalina.core.ApplicationContext.log Manager: undeploy: Undeploying web application at '/webapp'
05-Nov-2025 21:45:41.869 INFO [http-nio-8080-exec-149] org.apache.catalina.core.ApplicationContext.log Manager: install: Installing context configuration at 'file:/C:/Users/Juanpi/AppData/Local/Temp/context5285750425005726436.xml'
05-Nov-2025 21:45:43.606 INFO [http-nio-8080-exec-155] org.apache.catalina.core.ApplicationContext.log Manager: start: Starting web application '/webapp'
05-Nov-2025 21:46:51.175 INFO [http-nio-8080-exec-164] org.apache.catalina.core.ApplicationContext.log Manager: list: Listing contexts for virtual host 'localhost'
05-Nov-2025 21:46:51.178 INFO [http-nio-8080-exec-165] org.apache.catalina.core.ApplicationContext.log Manager: list: Listing contexts for virtual host 'localhost'
05-Nov-2025 21:46:51.187 INFO [http-nio-8080-exec-168] org.apache.catalina.core.ApplicationContext.log Manager: undeploy: Undeploying web application at '/webapp'
05-Nov-2025 21:46:51.770 INFO [http-nio-8080-exec-165] org.apache.catalina.core.ApplicationContext.log Manager: install: Installing context configuration at 'file:/C:/Users/Juanpi/AppData/Local/Temp/context7923549838767193704.xml'
05-Nov-2025 21:46:53.485 INFO [http-nio-8080-exec-167] org.apache.catalina.core.ApplicationContext.log Manager: start: Starting web application '/webapp'
05-Nov-2025 21:54:19.066 INFO [http-nio-8080-exec-171] org.apache.catalina.core.ApplicationContext.log Manager: list: Listing contexts for virtual host 'localhost'
05-Nov-2025 21:54:19.068 INFO [http-nio-8080-exec-177] org.apache.catalina.core.ApplicationContext.log Manager: list: Listing contexts for virtual host 'localhost'
05-Nov-2025 21:54:19.074 INFO [http-nio-8080-exec-172] org.apache.catalina.core.ApplicationContext.log Manager: undeploy: Undeploying web application at '/webapp'
05-Nov-2025 21:54:19.643 INFO [http-nio-8080-exec-178] org.apache.catalina.core.ApplicationContext.log Manager: install: Installing context configuration at 'file:/C:/Users/Juanpi/AppData/Local/Temp/context10057531028581152033.xml'
05-Nov-2025 21:54:21.791 INFO [http-nio-8080-exec-175] org.apache.catalina.core.ApplicationContext.log Manager: start: Starting web application '/webapp'
05-Nov-2025 22:07:27.635 INFO [http-nio-8080-exec-180] org.apache.catalina.core.ApplicationContext.log Manager: list: Listing contexts for virtual host 'localhost'
05-Nov-2025 22:07:27.637 INFO [http-nio-8080-exec-185] org.apache.catalina.core.ApplicationContext.log Manager: list: Listing contexts for virtual host 'localhost'
05-Nov-2025 22:07:27.641 INFO [http-nio-8080-exec-186] org.apache.catalina.core.ApplicationContext.log Manager: undeploy: Undeploying web application at '/webapp'
05-Nov-2025 22:07:28.202 INFO [http-nio-8080-exec-180] org.apache.catalina.core.ApplicationContext.log Manager: install: Installing context configuration at 'file:/C:/Users/Juanpi/AppData/Local/Temp/context889671318834813880.xml'
05-Nov-2025 22:07:30.013 INFO [http-nio-8080-exec-182] org.apache.catalina.core.ApplicationContext.log Manager: start: Starting web application '/webapp'
05-Nov-2025 22:08:34.623 INFO [http-nio-8080-exec-196] org.apache.catalina.core.ApplicationContext.log Manager: list: Listing contexts for virtual host 'localhost'
05-Nov-2025 22:08:34.624 INFO [http-nio-8080-exec-191] org.apache.catalina.core.ApplicationContext.log Manager: list: Listing contexts for virtual host 'localhost'
05-Nov-2025 22:08:34.629 INFO [http-nio-8080-exec-192] org.apache.catalina.core.ApplicationContext.log Manager: undeploy: Undeploying web application at '/webapp'
05-Nov-2025 22:08:35.467 INFO [http-nio-8080-exec-189] org.apache.catalina.core.ApplicationContext.log Manager: install: Installing context configuration at 'file:/C:/Users/Juanpi/AppData/Local/Temp/context3919064482167381900.xml'
05-Nov-2025 22:08:37.299 INFO [http-nio-8080-exec-197] org.apache.catalina.core.ApplicationContext.log Manager: start: Starting web application '/webapp'
05-Nov-2025 22:11:35.052 INFO [http-nio-8080-exec-204] org.apache.catalina.core.ApplicationContext.log Manager: list: Listing contexts for virtual host 'localhost'
05-Nov-2025 22:11:35.054 INFO [http-nio-8080-exec-208] org.apache.catalina.core.ApplicationContext.log Manager: list: Listing contexts for virtual host 'localhost'
05-Nov-2025 22:11:35.059 INFO [http-nio-8080-exec-205] org.apache.catalina.core.ApplicationContext.log Manager: undeploy: Undeploying web application at '/webapp'
05-Nov-2025 22:11:35.647 INFO [http-nio-8080-exec-207] org.apache.catalina.core.ApplicationContext.log Manager: install: Installing context configuration at 'file:/C:/Users/Juanpi/AppData/Local/Temp/context173803595578752078.xml'
05-Nov-2025 22:11:37.566 INFO [http-nio-8080-exec-200] org.apache.catalina.core.ApplicationContext.log Manager: start: Starting web application '/webapp'
05-Nov-2025 22:13:42.685 INFO [http-nio-8080-exec-215] org.apache.catalina.core.ApplicationContext.log Manager: list: Listing contexts for virtual host 'localhost'
05-Nov-2025 22:13:42.687 INFO [http-nio-8080-exec-218] org.apache.catalina.core.ApplicationContext.log Manager: list: Listing contexts for virtual host 'localhost'
05-Nov-2025 22:13:42.692 INFO [http-nio-8080-exec-211] org.apache.catalina.core.ApplicationContext.log Manager: undeploy: Undeploying web application at '/webapp'
05-Nov-2025 22:13:43.271 INFO [http-nio-8080-exec-216] org.apache.catalina.core.ApplicationContext.log Manager: install: Installing context configuration at 'file:/C:/Users/Juanpi/AppData/Local/Temp/context223778012173414735.xml'
05-Nov-2025 22:13:45.031 INFO [http-nio-8080-exec-218] org.apache.catalina.core.ApplicationContext.log Manager: start: Starting web application '/webapp'
05-Nov-2025 22:15:23.995 INFO [http-nio-8080-exec-223] org.apache.catalina.core.ApplicationContext.log Manager: list: Listing contexts for virtual host 'localhost'
05-Nov-2025 22:15:23.998 INFO [http-nio-8080-exec-227] org.apache.catalina.core.ApplicationContext.log Manager: list: Listing contexts for virtual host 'localhost'
05-Nov-2025 22:15:24.002 INFO [http-nio-8080-exec-219] org.apache.catalina.core.ApplicationContext.log Manager: undeploy: Undeploying web application at '/webapp'
05-Nov-2025 22:15:24.576 INFO [http-nio-8080-exec-221] org.apache.catalina.core.ApplicationContext.log Manager: install: Installing context configuration at 'file:/C:/Users/Juanpi/AppData/Local/Temp/context10016803014928825464.xml'
05-Nov-2025 22:15:26.657 INFO [http-nio-8080-exec-228] org.apache.catalina.core.ApplicationContext.log Manager: start: Starting web application '/webapp'
05-Nov-2025 22:23:05.829 INFO [http-nio-8080-exec-233] org.apache.catalina.core.ApplicationContext.log Manager: list: Listing contexts for virtual host 'localhost'
05-Nov-2025 22:23:05.830 INFO [http-nio-8080-exec-237] org.apache.catalina.core.ApplicationContext.log Manager: list: Listing contexts for virtual host 'localhost'
05-Nov-2025 22:23:05.835 INFO [http-nio-8080-exec-230] org.apache.catalina.core.ApplicationContext.log Manager: undeploy: Undeploying web application at '/webapp'
05-Nov-2025 22:23:06.416 INFO [http-nio-8080-exec-229] org.apache.catalina.core.ApplicationContext.log Manager: install: Installing context configuration at 'file:/C:/Users/Juanpi/AppData/Local/Temp/context5689006183884488149.xml'
05-Nov-2025 22:23:08.376 INFO [http-nio-8080-exec-235] org.apache.catalina.core.ApplicationContext.log Manager: start: Starting web application '/webapp'
05-Nov-2025 22:32:11.348 INFO [http-nio-8080-exec-239] org.apache.catalina.core.ApplicationContext.log Manager: list: Listing contexts for virtual host 'localhost'
05-Nov-2025 22:32:11.350 INFO [http-nio-8080-exec-240] org.apache.catalina.core.ApplicationContext.log Manager: list: Listing contexts for virtual host 'localhost'
05-Nov-2025 22:32:11.357 INFO [http-nio-8080-exec-248] org.apache.catalina.core.ApplicationContext.log Manager: undeploy: Undeploying web application at '/webapp'
05-Nov-2025 22:32:12.149 INFO [http-nio-8080-exec-241] org.apache.catalina.core.ApplicationContext.log Manager: install: Installing context configuration at 'file:/C:/Users/Juanpi/AppData/Local/Temp/context5021261949965733580.xml'
05-Nov-2025 22:32:14.075 INFO [http-nio-8080-exec-239] org.apache.catalina.core.ApplicationContext.log Manager: start: Starting web application '/webapp'
05-Nov-2025 22:37:07.344 INFO [http-nio-8080-exec-255] org.apache.catalina.core.ApplicationContext.log Manager: list: Listing contexts for virtual host 'localhost'
05-Nov-2025 22:37:07.345 INFO [http-nio-8080-exec-249] org.apache.catalina.core.ApplicationContext.log Manager: list: Listing contexts for virtual host 'localhost'
05-Nov-2025 22:37:07.351 INFO [http-nio-8080-exec-250] org.apache.catalina.core.ApplicationContext.log Manager: undeploy: Undeploying web application at '/webapp'
05-Nov-2025 22:37:07.921 INFO [http-nio-8080-exec-252] org.apache.catalina.core.ApplicationContext.log Manager: install: Installing context configuration at 'file:/C:/Users/Juanpi/AppData/Local/Temp/context16948017350342903877.xml'
05-Nov-2025 22:37:09.882 INFO [http-nio-8080-exec-257] org.apache.catalina.core.ApplicationContext.log Manager: start: Starting web application '/webapp'
05-Nov-2025 22:38:43.479 INFO [http-nio-8080-exec-260] org.apache.catalina.core.ApplicationContext.log Manager: list: Listing contexts for virtual host 'localhost'
05-Nov-2025 22:38:43.481 INFO [http-nio-8080-exec-264] org.apache.catalina.core.ApplicationContext.log Manager: list: Listing contexts for virtual host 'localhost'
05-Nov-2025 22:38:43.486 INFO [http-nio-8080-exec-265] org.apache.catalina.core.ApplicationContext.log Manager: undeploy: Undeploying web application at '/webapp'
05-Nov-2025 22:38:44.056 INFO [http-nio-8080-exec-262] org.apache.catalina.core.ApplicationContext.log Manager: install: Installing context configuration at 'file:/C:/Users/Juanpi/AppData/Local/Temp/context4566787096578749672.xml'
05-Nov-2025 22:38:45.930 INFO [http-nio-8080-exec-264] org.apache.catalina.core.ApplicationContext.log Manager: start: Starting web application '/webapp'
05-Nov-2025 22:43:40.312 INFO [http-nio-8080-exec-276] org.apache.catalina.core.ApplicationContext.log Manager: list: Listing contexts for virtual host 'localhost'
05-Nov-2025 22:43:40.314 INFO [http-nio-8080-exec-271] org.apache.catalina.core.ApplicationContext.log Manager: list: Listing contexts for virtual host 'localhost'
05-Nov-2025 22:43:40.319 INFO [http-nio-8080-exec-277] org.apache.catalina.core.ApplicationContext.log Manager: undeploy: Undeploying web application at '/webapp'
05-Nov-2025 22:43:40.899 INFO [http-nio-8080-exec-274] org.apache.catalina.core.ApplicationContext.log Manager: install: Installing context configuration at 'file:/C:/Users/Juanpi/AppData/Local/Temp/context194430571430996551.xml'
05-Nov-2025 22:43:42.943 INFO [http-nio-8080-exec-269] org.apache.catalina.core.ApplicationContext.log Manager: start: Starting web application '/webapp'
05-Nov-2025 22:44:59.678 INFO [http-nio-8080-exec-287] org.apache.catalina.core.ApplicationContext.log Manager: list: Listing contexts for virtual host 'localhost'
05-Nov-2025 22:44:59.680 INFO [http-nio-8080-exec-279] org.apache.catalina.core.ApplicationContext.log Manager: list: Listing contexts for virtual host 'localhost'
05-Nov-2025 22:44:59.685 INFO [http-nio-8080-exec-280] org.apache.catalina.core.ApplicationContext.log Manager: undeploy: Undeploying web application at '/webapp'
05-Nov-2025 22:45:00.266 INFO [http-nio-8080-exec-281] org.apache.catalina.core.ApplicationContext.log Manager: install: Installing context configuration at 'file:/C:/Users/Juanpi/AppData/Local/Temp/context5709623257360502923.xml'
05-Nov-2025 22:45:02.381 INFO [http-nio-8080-exec-284] org.apache.catalina.core.ApplicationContext.log Manager: start: Starting web application '/webapp'
05-Nov-2025 22:48:45.945 INFO [http-nio-8080-exec-298] org.apache.catalina.core.ApplicationContext.log Manager: list: Listing contexts for virtual host 'localhost'
05-Nov-2025 22:48:45.947 INFO [http-nio-8080-exec-292] org.apache.catalina.core.ApplicationContext.log Manager: undeploy: Undeploying web application at '/webapp'
05-Nov-2025 22:49:33.258 INFO [http-nio-8080-exec-294] org.apache.catalina.core.ApplicationContext.log Manager: list: Listing contexts for virtual host 'localhost'
05-Nov-2025 22:49:33.259 INFO [http-nio-8080-exec-299] org.apache.catalina.core.ApplicationContext.log Manager: list: Listing contexts for virtual host 'localhost'
05-Nov-2025 22:49:33.281 INFO [http-nio-8080-exec-300] org.apache.catalina.core.ApplicationContext.log Manager: install: Installing context configuration at 'file:/C:/Users/Juanpi/AppData/Local/Temp/context15037261487466260372.xml'
05-Nov-2025 22:49:34.977 INFO [http-nio-8080-exec-301] org.apache.catalina.core.ApplicationContext.log Manager: start: Starting web application '/webapp'
05-Nov-2025 22:51:04.034 INFO [http-nio-8080-exec-308] org.apache.catalina.core.ApplicationContext.log Manager: list: Listing contexts for virtual host 'localhost'
05-Nov-2025 22:51:04.037 INFO [http-nio-8080-exec-306] org.apache.catalina.core.ApplicationContext.log Manager: list: Listing contexts for virtual host 'localhost'
05-Nov-2025 22:51:04.043 INFO [http-nio-8080-exec-307] org.apache.catalina.core.ApplicationContext.log Manager: undeploy: Undeploying web application at '/webapp'
05-Nov-2025 22:51:04.648 INFO [http-nio-8080-exec-304] org.apache.catalina.core.ApplicationContext.log Manager: install: Installing context configuration at 'file:/C:/Users/Juanpi/AppData/Local/Temp/context9607770646729411866.xml'
05-Nov-2025 22:51:06.762 INFO [http-nio-8080-exec-299] org.apache.catalina.core.ApplicationContext.log Manager: start: Starting web application '/webapp'
05-Nov-2025 22:53:53.794 INFO [http-nio-8080-exec-312] org.apache.catalina.core.ApplicationContext.log Manager: list: Listing contexts for virtual host 'localhost'
05-Nov-2025 22:53:53.795 INFO [http-nio-8080-exec-313] org.apache.catalina.core.ApplicationContext.log Manager: list: Listing contexts for virtual host 'localhost'
05-Nov-2025 22:53:53.801 INFO [http-nio-8080-exec-317] org.apache.catalina.core.ApplicationContext.log Manager: undeploy: Undeploying web application at '/webapp'
05-Nov-2025 22:53:54.401 INFO [http-nio-8080-exec-312] org.apache.catalina.core.ApplicationContext.log Manager: install: Installing context configuration at 'file:/C:/Users/Juanpi/AppData/Local/Temp/context15941492520690239683.xml'
05-Nov-2025 22:53:56.582 INFO [http-nio-8080-exec-318] org.apache.catalina.core.ApplicationContext.log Manager: start: Starting web application '/webapp'
05-Nov-2025 23:15:28.971 INFO [http-nio-8080-exec-327] org.apache.catalina.core.ApplicationContext.log Manager: list: Listing contexts for virtual host 'localhost'
05-Nov-2025 23:15:28.975 INFO [http-nio-8080-exec-321] org.apache.catalina.core.ApplicationContext.log Manager: undeploy: Undeploying web application at '/webapp'
05-Nov-2025 23:18:29.043 INFO [http-nio-8080-exec-328] org.apache.catalina.core.ApplicationContext.log Manager: list: Listing contexts for virtual host 'localhost'
05-Nov-2025 23:18:29.045 INFO [http-nio-8080-exec-319] org.apache.catalina.core.ApplicationContext.log Manager: list: Listing contexts for virtual host 'localhost'
05-Nov-2025 23:18:29.070 INFO [http-nio-8080-exec-322] org.apache.catalina.core.ApplicationContext.log Manager: install: Installing context configuration at 'file:/C:/Users/Juanpi/AppData/Local/Temp/context134603365217886337.xml'
05-Nov-2025 23:18:30.956 INFO [http-nio-8080-exec-333] org.apache.catalina.core.ApplicationContext.log Manager: start: Starting web application '/webapp'
05-Nov-2025 23:20:26.254 INFO [http-nio-8080-exec-332] org.apache.catalina.core.ApplicationContext.log Manager: list: Listing contexts for virtual host 'localhost'
05-Nov-2025 23:20:26.256 INFO [http-nio-8080-exec-335] org.apache.catalina.core.ApplicationContext.log Manager: list: Listing contexts for virtual host 'localhost'
05-Nov-2025 23:20:26.262 INFO [http-nio-8080-exec-337] org.apache.catalina.core.ApplicationContext.log Manager: undeploy: Undeploying web application at '/webapp'
05-Nov-2025 23:20:26.847 INFO [http-nio-8080-exec-331] org.apache.catalina.core.ApplicationContext.log Manager: install: Installing context configuration at 'file:/C:/Users/Juanpi/AppData/Local/Temp/context6733727861797027812.xml'
05-Nov-2025 23:20:28.672 INFO [http-nio-8080-exec-336] org.apache.catalina.core.ApplicationContext.log Manager: start: Starting web application '/webapp'
05-Nov-2025 23:21:57.454 INFO [http-nio-8080-exec-340] org.apache.catalina.core.ApplicationContext.log Manager: list: Listing contexts for virtual host 'localhost'
05-Nov-2025 23:21:57.455 INFO [http-nio-8080-exec-341] org.apache.catalina.core.ApplicationContext.log Manager: list: Listing contexts for virtual host 'localhost'
05-Nov-2025 23:21:57.460 INFO [http-nio-8080-exec-347] org.apache.catalina.core.ApplicationContext.log Manager: undeploy: Undeploying web application at '/webapp'
05-Nov-2025 23:21:58.336 INFO [http-nio-8080-exec-339] org.apache.catalina.core.ApplicationContext.log Manager: install: Installing context configuration at 'file:/C:/Users/Juanpi/AppData/Local/Temp/context1862444304044243507.xml'
05-Nov-2025 23:22:00.247 INFO [http-nio-8080-exec-341] org.apache.catalina.core.ApplicationContext.log Manager: start: Starting web application '/webapp'
05-Nov-2025 23:24:50.775 INFO [http-nio-8080-exec-356] org.apache.catalina.core.ApplicationContext.log Manager: list: Listing contexts for virtual host 'localhost'
05-Nov-2025 23:24:50.776 INFO [http-nio-8080-exec-357] org.apache.catalina.core.ApplicationContext.log Manager: list: Listing contexts for virtual host 'localhost'
05-Nov-2025 23:24:50.782 INFO [http-nio-8080-exec-351] org.apache.catalina.core.ApplicationContext.log Manager: undeploy: Undeploying web application at '/webapp'
05-Nov-2025 23:24:51.360 INFO [http-nio-8080-exec-352] org.apache.catalina.core.ApplicationContext.log Manager: install: Installing context configuration at 'file:/C:/Users/Juanpi/AppData/Local/Temp/context16462192185993485556.xml'
05-Nov-2025 23:24:53.333 INFO [http-nio-8080-exec-353] org.apache.catalina.core.ApplicationContext.log Manager: start: Starting web application '/webapp'
